...found 6 targets...
...updating 5 targets...
gcc.compile.c++ boost/architecture/gcc-4.9.3/debug/32.o
../../../libs/config/checks/architecture/32.cpp:9:36: error: size of array ‘test’ is negative
 int test[sizeof(void*) == 4? 1 : -1];
                                    ^

    "g++"   -fPIC -O0 -fno-inline -Wall -g     -c -o "boost/architecture/gcc-4.9.3/debug/32.o" "../../../libs/config/checks/architecture/32.cpp"

...failed gcc.compile.c++ boost/architecture/gcc-4.9.3/debug/32.o...
...failed updating 1 target...
...updated 4 targets...
...found 2 targets...
...updating 1 target...
gcc.compile.c++ boost/architecture/gcc-4.9.3/debug/64.o
...updated 1 target...
...found 2 targets...
...updating 1 target...
gcc.compile.c++ boost/architecture/gcc-4.9.3/debug/arm.o
../../../libs/config/checks/architecture/arm.cpp:13:2: error: #error "Not ARM"
 #error "Not ARM"
  ^

    "g++"   -fPIC -O0 -fno-inline -Wall -g     -c -o "boost/architecture/gcc-4.9.3/debug/arm.o" "../../../libs/config/checks/architecture/arm.cpp"

...failed gcc.compile.c++ boost/architecture/gcc-4.9.3/debug/arm.o...
...failed updating 1 target...
...found 2 targets...
...updating 1 target...
gcc.compile.c++ boost/architecture/gcc-4.9.3/debug/mips1.o
../../../libs/config/checks/architecture/mips1.cpp:10:2: error: #error "Not MIPS1"
 #error "Not MIPS1"
  ^

    "g++"   -fPIC -O0 -fno-inline -Wall -g     -c -o "boost/architecture/gcc-4.9.3/debug/mips1.o" "../../../libs/config/checks/architecture/mips1.cpp"

...failed gcc.compile.c++ boost/architecture/gcc-4.9.3/debug/mips1.o...
...failed updating 1 target...
...found 2 targets...
...updating 1 target...
gcc.compile.c++ boost/architecture/gcc-4.9.3/debug/power.o
../../../libs/config/checks/architecture/power.cpp:13:2: error: #error "Not PPC"
 #error "Not PPC"
  ^

    "g++"   -fPIC -O0 -fno-inline -Wall -g     -c -o "boost/architecture/gcc-4.9.3/debug/power.o" "../../../libs/config/checks/architecture/power.cpp"

...failed gcc.compile.c++ boost/architecture/gcc-4.9.3/debug/power.o...
...failed updating 1 target...
...found 2 targets...
...updating 1 target...
gcc.compile.c++ boost/architecture/gcc-4.9.3/debug/sparc.o
../../../libs/config/checks/architecture/sparc.cpp:10:2: error: #error "Not SPARC"
 #error "Not SPARC"
  ^

    "g++"   -fPIC -O0 -fno-inline -Wall -g     -c -o "boost/architecture/gcc-4.9.3/debug/sparc.o" "../../../libs/config/checks/architecture/sparc.cpp"

...failed gcc.compile.c++ boost/architecture/gcc-4.9.3/debug/sparc.o...
...failed updating 1 target...
...found 2 targets...
...updating 1 target...
gcc.compile.c++ boost/architecture/gcc-4.9.3/debug/x86.o
...updated 1 target...
...found 3 targets...
...updating 3 targets...
link.touch boost/bin.v2/test-symlink-source
link.mklink boost/bin.v2/test-symlink
...updated 3 targets...
...found 10 targets...
...updating 8 targets...
gcc.compile.c++ boost/bin.v2/standalone/ac/gcc-4.9.3/debug/threading-multi/visibility-hidden/jpeglib_h.o
...updated 8 targets...
...found 5 targets...
...updating 3 targets...
gcc.compile.c++ boost/bin.v2/standalone/ac/gcc-4.9.3/debug/threading-multi/visibility-hidden/main-jpeg.o
gcc.link boost/bin.v2/standalone/ac/gcc-4.9.3/debug/threading-multi/visibility-hidden/jpeg
...updated 3 targets...
...found 1 target...
...updating 1 target...
config-cache.write boost/bin.v2/project-cache.jam
...updated 1 target...
